Flutter crash report.
Please report a bug at https://github.com/flutter/flutter/issues.

## command

flutter run --machine --target lib\main.dart -d chrome --dart-define=flutter.inspector.structuredErrors=true --start-paused --web-server-debug-protocol ws --web-allow-expose-url --devtools-server-address http://127.0.0.1:9100/ --web-renderer=auto

## exception

StateError: Bad state: Cannot add event after closing

```
#0      _StreamController.add (dart:async/stream_controller.dart:553:24)
#1      _StreamSinkWrapper.add (dart:async/stream_controller.dart:826:13)
#2      AppConnection.runMain (package:dwds/src/connections/app_connection.dart:33:22)
#3      WebDevFS.connect.<anonymous closure> (package:flutter_tools/src/isolated/devfs_web.dart:669:25)
<asynchronous suspension>
```

## flutter doctor

```
[✓] Flutter (Channel stable, 2.2.1, on Microsoft Windows [Version 10.0.19042.985], locale en-US)
    • Flutter version 2.2.1 at C:\src\flutter
    • Framework revision 02c026b03c (11 days ago), 2021-05-27 12:24:44 -0700
    • Engine revision 0fdb562ac8
    • Dart version 2.13.1

[✗] Android toolchain - develop for Android devices
    ✗ Unable to locate Android SDK.
      Install Android Studio from: https://developer.android.com/studio/index.html
      On first launch it will assist you in installing the Android SDK components.
      (or visit https://flutter.dev/docs/get-started/install/windows#android-setup for detailed instructions).
      If the Android SDK has been installed to a custom location, please use
      `flutter config --android-sdk` to update to that location.


[✓] Chrome - develop for the web
    • Chrome at C:\Program Files\Google\Chrome\Application\chrome.exe

[!] Android Studio (not installed)
    • Android Studio not found; download from https://developer.android.com/studio/index.html
      (or visit https://flutter.dev/docs/get-started/install/windows#android-setup for detailed instructions).

[✓] VS Code (version 1.56.2)
    • VS Code at C:\Users\Ntavigwa Bashombe\AppData\Local\Programs\Microsoft VS Code
    • Flutter extension version 3.23.0

[✓] Connected device (2 available)
    • Chrome (web) • chrome • web-javascript • Google Chrome 91.0.4472.77
    • Edge (web)   • edge   • web-javascript • Microsoft Edge 90.0.818.62

! Doctor found issues in 2 categories.
```
